make all --print-data-base --no-builtin-variables --no-builtin-rules --question
go: module github.com/infraboard/mcube: not a known dependency

fatal: not a git repository (or any of the parent directories): .git

fatal: not a git repository (or any of the parent directories): .git

# GNU Make 4.2.1
# Built for x86_64-pc-linux-gnu
# Copyright (C) 1988-2016 Free Software Foundation, Inc.
# License GPLv3+: GNU GPL version 3 or later <http://gnu.org/licenses/gpl.html>
# This is free software: you are free to change and redistribute it.
# There is NO WARRANTY, to the extent permitted by law.

# Make data base, printed on Sun Jun  5 16:09:30 2022

# Variables

 
# automatic
<D = $(patsubst %/,%,$(dir $<))
# automatic
?F = $(notdir $?)
# default
.SHELLFLAGS := -c
# environment
XDG_SESSION_CLASS = user
# environment
VSCODE_AGENT_FOLDER = /root/.vscode-server
# environment
XDG_SESSION_TYPE = tty
# environment
VSCODE_LOG_NATIVE = false
# automatic
?D = $(patsubst %/,%,$(dir $?))
# automatic
@D = $(patsubst %/,%,$(dir $@))
# automatic
@F = $(notdir $@)
# default
MAKE_VERSION := 4.2.1
# makefile
CURDIR := /opt/code/cmdb
# makefile
SHELL = /bin/sh
# makefile (from 'makefile', line 6)
MOD_DIR := /data/go/pkg/mod
# environment
VSCODE_NLS_CONFIG = {"locale":"zh-cn","availableLanguages":{"*":"zh-cn"},"_languagePackId":"42e84e0914b17800d483f69e299e1b00.zh-cn","_translationsConfigFile":"/root/.vscode-server/data/clp/42e84e0914b17800d483f69e299e1b00.zh-cn/tcf.json","_cacheRoot":"/root/.vscode-server/data/clp/42e84e0914b17800d483f69e299e1b00.zh-cn","_resolvedLanguagePackCoreLocation":"/root/.vscode-server/data/clp/42e84e0914b17800d483f69e299e1b00.zh-cn/c3511e6c69bb39013c4a4b7b9566ec1ca73fc4d5","_corruptedFile":"/root/.vscode-server/data/clp/42e84e0914b17800d483f69e299e1b00.zh-cn/corrupted.info","_languagePackSupport":true}
# environment
_ = /root/.vscode-server/bin/c3511e6c69bb39013c4a4b7b9566ec1ca73fc4d5/node
# makefile (from 'makefile', line 4)
IMAGE_PREFIX := "github.com/staryjie/cmdb"
# makefile (from 'makefile', line 1)
MAKEFILE_LIST :=  makefile
# 'override' directive
GNUMAKEFLAGS := 
# environment
VSCODE_AMD_ENTRYPOINT = vs/workbench/api/node/extensionHostProcess
# environment
DBUS_SESSION_BUS_ADDRESS = unix:path=/run/user/0/bus
# environment
VSCODE_VERBOSE_LOGGING = true
# makefile (from 'makefile', line 11)
MCUBE_VERSION := 
# makefile (from 'makefile', line 15)
BUILD_COMMIT := 
# environment
VSCODE_CWD = /root
# environment
GO_HOME = /usr/local/go
# environment
GOPROXY = https://goproxy.cn,direct
# environment
SSH_CONNECTION = 192.168.5.177 7386 192.168.5.231 22
# environment
PATH = /usr/local/go/bin:/root/.vscode-server/bin/c3511e6c69bb39013c4a4b7b9566ec1ca73fc4d5/bin/remote-cli:/usr/local/sbin:/usr/local/bin:/usr/sbin:/usr/bin:/sbin:/bin:/usr/games:/usr/local/games:/snap/bin:/usr/local/jdk/bin/:/usr/local/node-v16.7.0/bin:/root/ssh:/data/go/bin
# environment
LSCOLORS = Gxfxcxdxbxegedabagacad
# environment
XDG_RUNTIME_DIR = /run/user/0
# environment
GOPATH = /data/go
# makefile (from 'makefile', line 7)
PKG_LIST := github.com/staryjie/cmdb github.com/staryjie/cmdb/apps/all github.com/staryjie/cmdb/apps/book github.com/staryjie/cmdb/apps/book/api github.com/staryjie/cmdb/apps/book/impl github.com/staryjie/cmdb/client github.com/staryjie/cmdb/cmd github.com/staryjie/cmdb/conf github.com/staryjie/cmdb/protocol github.com/staryjie/cmdb/swagger github.com/staryjie/cmdb/version
# environment
VSCODE_LOG_STACK = false
# environment
VSCODE_IPC_HOOK_CLI = /run/user/0/vscode-ipc-14a3d649-3911-4e27-a4df-35d1e3de99e9.sock
# default
.FEATURES := target-specific order-only second-expansion else-if shortest-stem undefine oneshell archives jobserver output-sync check-symlink load
# environment
LS_COLORS = 
# automatic
%F = $(notdir $%)
# environment
VSCODE_PIPE_LOGGING = true
# environment
PWD = /opt/code/cmdb
# makefile (from 'makefile', line 18)
VERSION_PATH := ""github.com/staryjie/cmdb"/version"
# default
.LOADED := 
# makefile (from 'makefile', line 3)
PKG := "github.com/staryjie/cmdb"
# automatic
*D = $(patsubst %/,%,$(dir $*))
# environment
GOMODCACHE = /data/go/pkg/mod
# environment
HOME = /root
# environment
LOGNAME = root
# environment
APPLICATION_INSIGHTS_NO_DIAGNOSTIC_CHANNEL = true
# automatic
+F = $(notdir $+)
# environment
ZSH = /root/.oh-my-zsh
# environment
VSCODE_HANDLES_UNCAUGHT_ERRORS = true
# automatic
^D = $(patsubst %/,%,$(dir $^))
# environment
MAKELEVEL := 0
# default
MAKE = $(MAKE_COMMAND)
# default
MAKECMDGOALS := all
# environment
SHLVL = 1
# environment
NODE_HOME = /usr/local/node-v16.7.0
# environment
JAVA_HOME = /usr/local/jdk
# environment
XDG_SESSION_ID = 24439
# environment
USER = root
# makefile
.DEFAULT_GOAL := all
# environment
SSH_HOME = /root/ssh
# environment
GOROOT = /usr/local/go
# environment
LESS = -R
# automatic
%D = $(patsubst %/,%,$(dir $%))
# makefile (from 'makefile', line 2)
MAIN_FILE_PAHT := "main.go"
# default
MAKE_COMMAND := make
# environment
OLDPWD = /root
# default
.VARIABLES := 
# automatic
*F = $(notdir $*)
# makefile (from 'makefile', line 16)
BUILD_TIME := 2022-06-05 16:09:30
# makefile
MAKEFLAGS = pqrR
# environment
MFLAGS = -pqrR
# environment
SSH_CLIENT = 192.168.5.177 7386 22
# makefile (from 'makefile', line 17)
BUILD_GO_VERSION := go1.18.2 linux/amd64
# automatic
+D = $(patsubst %/,%,$(dir $+))
# environment
BROWSER = /root/.vscode-server/bin/c3511e6c69bb39013c4a4b7b9566ec1ca73fc4d5/bin/helpers/browser.sh
# environment
VSCODE_HANDLES_SIGPIPE = true
# 'override' directive
.SHELLSTATUS := 0
# default
MAKEFILES := 
# automatic
<F = $(notdir $<)
# makefile (from 'makefile', line 1)
PROJECT_NAME := "cmdb"
# environment
PAGER = less
# environment
LC_ALL = C
# automatic
^F = $(notdir $^)
# makefile (from 'makefile', line 10)
MCUBE_MODULE := "github.com/infraboard/mcube"
# makefile (from 'makefile', line 12)
MCUBE_PKG_PATH := /data/go/pkg/mod/"github.com/infraboard/mcube"@
# default
SUFFIXES := 
# default
.INCLUDE_DIRS = /usr/include /usr/local/include /usr/include
# makefile (from 'makefile', line 8)
GO_FILES := ./apps/all/internal.go ./apps/all/api.go ./apps/all/impl.go ./apps/book/impl/dao.go ./apps/book/impl/sql.go ./apps/book/impl/book.go ./apps/book/impl/impl.go ./apps/book/api/http.go ./apps/book/api/book.go ./apps/book/app.go ./protocol/http.go ./protocol/grpc.go ./conf/log.go ./conf/config.go ./conf/load.go ./main.go ./swagger/docs.go ./version/version.go ./cmd/root.go ./cmd/init.go ./cmd/start.go ./client/config.go ./client/client.go
# default
.RECIPEPREFIX := 
# default
MAKE_HOST := x86_64-pc-linux-gnu
# environment
LANG = C
# makefile (from 'makefile', line 14)
BUILD_BRANCH := 
# environment
VSCODE_EXTHOST_WILL_SEND_SOCKET = true
# environment
MOTD_SHOWN = pam
# variable set hash-table stats:
# Load=96/1024=9%, Rehash=0, Collisions=10/161=6%

# Pattern-specific Variable Values

# No pattern-specific variable values.

# Directories

# . (device 64768, inode 3946053): 18 files, no impossibilities.

# 18 files, no impossibilities in 1 directories.

# Implicit Rules

# No implicit rules.

# Files

all: build
#  Phony target (prerequisite of .PHONY).
#  Command line target.
#  Implicit rule search has not been done.
#  File does not exist.
#  File has been updated.
#  Needs to be updated (-q is set).
# variable set hash-table stats:
# Load=0/32=0%, Rehash=0, Collisions=0/3=0%

.PHONY: all dep lint vet test test-coverage build clean
#  Implicit rule search has not been done.
#  Modification time never checked.
#  File has not been updated.

test-coverage:
#  Phony target (prerequisite of .PHONY).
#  Implicit rule search has not been done.
#  File does not exist.
#  File has not been updated.
#  recipe to execute (from 'makefile', line 37):
	@go test -short -coverprofile cover.out -covermode=atomic ${PKG_LIST} 
	@cat cover.out >> coverage.txt

# Not a target:
.SUFFIXES:
#  Implicit rule search has not been done.
#  Modification time never checked.
#  File has not been updated.

test:
#  Phony target (prerequisite of .PHONY).
#  Implicit rule search has not been done.
#  File does not exist.
#  File has not been updated.
#  recipe to execute (from 'makefile', line 34):
	@go test -short ${PKG_LIST}
	

gen:
#  Implicit rule search has not been done.
#  Modification time never checked.
#  File has not been updated.
#  recipe to execute (from 'makefile', line 68):
 
	@protoc -I=. -I=common/pb --go_out=. --go_opt=module=${PKG} --go-grpc_out=. --go-grpc_opt=module=${PKG} apps/*/pb/*.proto
	@go fmt ./...
	@protoc-go-inject-tag -input=apps/*/*.pb.go
	@mcube generate enum -p -m apps/*/*.pb.go

dep:
#  Phony target (prerequisite of .PHONY).
#  Implicit rule search has not been done.
#  Implicit/static pattern stem: ''
#  File does not exist.
#  File has been updated.
#  Needs to be updated (-q is set).
# automatic
# @ := dep
# automatic
# % := 
# automatic
# * := 
# automatic
# + := 
# automatic
# | := 
# automatic
# < := 
# automatic
# ^ := 
# automatic
# ? := 
# variable set hash-table stats:
# Load=8/32=25%, Rehash=0, Collisions=1/11=9%
#  recipe to execute (from 'makefile', line 25):
	@go mod tidy

# Not a target:
makefile:
#  Implicit rule search has been done.
#  Last modified 2022-06-05 16:08:45.007726674
#  File has been updated.
#  Successfully updated.

build: dep
#  Phony target (prerequisite of .PHONY).
#  Implicit rule search has not been done.
#  File does not exist.
#  File has been updated.
#  Needs to be updated (-q is set).
# variable set hash-table stats:
# Load=0/32=0%, Rehash=0, Collisions=0/3=0%
#  recipe to execute (from 'makefile', line 41):
	@go build -a -o dist/${OUTPUT_NAME} -ldflags "-s -w" -ldflags "-X '${VERSION_PATH}.GIT_BRANCH=${BUILD_BRANCH}' -X '${VERSION_PATH}.GIT_COMMIT=${BUILD_COMMIT}' -X '${VERSION_PATH}.BUILD_TIME=${BUILD_TIME}' -X '${VERSION_PATH}.GO_VERSION=${BUILD_GO_VERSION}'" ${MAIN_FILE}

vet:
#  Phony target (prerequisite of .PHONY).
#  Implicit rule search has not been done.
#  File does not exist.
#  File has not been updated.
#  recipe to execute (from 'makefile', line 31):
	@go vet ${PKG_LIST}

help:
#  Implicit rule search has not been done.
#  Modification time never checked.
#  File has not been updated.
#  recipe to execute (from 'makefile', line 76):
	@grep -h -E '^[a-zA-Z_-]+:.*?## .*$$' $(MAKEFILE_LIST) | awk 'BEGIN {FS = ":.*?## "}; {printf "\033[36m%-30s\033[0m %s\n", $$1, $$2}'

pb:
#  Implicit rule search has not been done.
#  Modification time never checked.
#  File has not been updated.
#  recipe to execute (from 'makefile', line 63):
	@mkdir -pv common/pb/github.com/infraboard/mcube/pb
	@cp -r ${MCUBE_PKG_PATH}/pb/* common/pb/github.com/infraboard/mcube/pb
	@sudo rm -rf common/pb/github.com/infraboard/mcube/pb/*/*.go

# Not a target:
.DEFAULT:
#  Implicit rule search has not been done.
#  Modification time never checked.
#  File has not been updated.

run: install dep
#  Implicit rule search has not been done.
#  Modification time never checked.
#  File has not been updated.
#  recipe to execute (from 'makefile', line 50):
	@go run main.go start

clean:
#  Phony target (prerequisite of .PHONY).
#  Implicit rule search has not been done.
#  File does not exist.
#  File has not been updated.
#  recipe to execute (from 'makefile', line 53):
	@go clean .
	@rm -f dist/${PROJECT_NAME}

init: dep
#  Implicit rule search has not been done.
#  Modification time never checked.
#  File has not been updated.
#  recipe to execute (from 'makefile', line 47):
	@go run main.go init

linux: dep
#  Implicit rule search has not been done.
#  Modification time never checked.
#  File has not been updated.
#  recipe to execute (from 'makefile', line 44):
	@GOOS=linux GOARCH=amd64 go build -a -o dist/${OUTPUT_NAME} -ldflags "-s -w" -ldflags "-X '${VERSION_PATH}.GIT_BRANCH=${BUILD_BRANCH}' -X '${VERSION_PATH}.GIT_COMMIT=${BUILD_COMMIT}' -X '${VERSION_PATH}.BUILD_TIME=${BUILD_TIME}' -X '${VERSION_PATH}.GO_VERSION=${BUILD_GO_VERSION}'" ${MAIN_FILE}

lint:
#  Phony target (prerequisite of .PHONY).
#  Implicit rule search has not been done.
#  File does not exist.
#  File has not been updated.
#  recipe to execute (from 'makefile', line 28):
	@golint -set_exit_status ${PKG_LIST}

 
install:
#  Implicit rule search has not been done.
#  Modification time never checked.
#  File has not been updated.
#  recipe to execute (from 'makefile', line 57):
	@go install github.com/infraboard/mcube/cmd/mcube@latest
	@go install google.golang.org/protobuf/cmd/protoc-gen-go@latest
	@go install google.golang.org/grpc/cmd/protoc-gen-go-grpc@latest
	@go install github.com/favadi/protoc-go-inject-tag@latest

# files hash-table stats:
# Load=19/1024=2%, Rehash=0, Collisions=0/53=0%
# VPATH Search Paths

# No 'vpath' search paths.

# No general ('VPATH' variable) search path.

# strcache buffers: 1 (0) / strings = 38 / storage = 266 B / avg = 7 B
# current buf: size = 8162 B / used = 266 B / count = 38 / avg = 7 B

# strcache performance: lookups = 74 / hit rate = 48%
# hash-table stats:
# Load=38/8192=0%, Rehash=0, Collisions=1/74=1%
# Finished Make data base on Sun Jun  5 16:09:30 2022

 
